500  [main] INFO  com.example.task19.Application – Starting Application using Java 11.0.2 on PisarevDmitrii with PID 21040 (C:\Users\dpisa\Desktop\JavaPatternMirea\task19\target\classes started by dpisa in C:\Users\dpisa\Desktop\JavaPatternMirea)
500  [background-preinit] INFO  o.h.validator.internal.util.Version – HV000001: Hibernate Validator 6.2.2.Final
500  [main] INFO  com.example.task19.Application – No active profile set, falling back to 1 default profile: "default"
985  [main] INFO  o.s.d.r.c.RepositoryConfigurationDelegate – Bootstrapping Spring Data JPA repositories in DEFAULT mode.
1016 [main] INFO  o.s.d.r.c.RepositoryConfigurationDelegate – Finished Spring Data repository scanning in 29 ms. Found 2 JPA repository interfaces.
1344 [main] INFO  o.s.b.w.e.tomcat.TomcatWebServer – Tomcat initialized with port(s): 8081 (http)
1344 [main] INFO  o.a.coyote.http11.Http11NioProtocol – Initializing ProtocolHandler ["http-nio-8081"]
1344 [main] INFO  o.a.catalina.core.StandardService – Starting service [Tomcat]
1344 [main] INFO  o.a.catalina.core.StandardEngine – Starting Servlet engine: [Apache Tomcat/9.0.58]
1406 [main] INFO  o.a.c.c.C.[Tomcat].[localhost].[/] – Initializing Spring embedded WebApplicationContext
1406 [main] INFO  o.s.b.w.s.c.ServletWebServerApplicationContext – Root WebApplicationContext: initialization completed in 875 ms
1469 [main] INFO  com.zaxxer.hikari.HikariDataSource – HikariPool-1 - Starting...
1578 [main] INFO  com.zaxxer.hikari.HikariDataSource – HikariPool-1 - Start completed.
1625 [main] INFO  o.h.jpa.internal.util.LogHelper – HHH000204: Processing PersistenceUnitInfo [name: default]
1656 [main] INFO  org.hibernate.Version – HHH000412: Hibernate ORM core version 5.6.5.Final
1750 [main] INFO  o.h.annotations.common.Version – HCANN000001: Hibernate Commons Annotations {5.1.2.Final}
1828 [main] INFO  org.hibernate.dialect.Dialect – HHH000400: Using dialect: org.hibernate.dialect.PostgreSQL95Dialect
2235 [main] INFO  o.h.e.t.j.p.i.JtaPlatformInitiator – HHH000490: Using JtaPlatform implementation: [org.hibernate.engine.transaction.jta.platform.internal.NoJtaPlatform]
2250 [main] INFO  o.s.o.j.LocalContainerEntityManagerFactoryBean – Initialized JPA EntityManagerFactory for persistence unit 'default'
2438 [main] INFO  c.e.t.s.impl.GameAuthorServiceImpl – init GameAuthorService
2453 [main] INFO  c.e.t.service.impl.GameServiceImpl – init GameService
2485 [main] WARN  o.s.b.a.o.j.JpaBaseConfiguration$JpaWebConfiguration – spring.jpa.open-in-view is enabled by default. Therefore, database queries may be performed during view rendering. Explicitly configure spring.jpa.open-in-view to disable this warning
2906 [main] INFO  o.a.coyote.http11.Http11NioProtocol – Starting ProtocolHandler ["http-nio-8081"]
2906 [main] INFO  o.s.b.w.e.tomcat.TomcatWebServer – Tomcat started on port(s): 8081 (http) with context path ''
2922 [main] INFO  o.s.s.a.ScheduledAnnotationBeanPostProcessor – No TaskScheduler/ScheduledExecutorService bean found for scheduled processing
2922 [main] INFO  com.example.task19.Application – Started Application in 2.728 seconds (JVM running for 3.588)
13173 [SpringApplicationShutdownHook] INFO  o.s.o.j.LocalContainerEntityManagerFactoryBean – Closing JPA EntityManagerFactory for persistence unit 'default'
13173 [SpringApplicationShutdownHook] INFO  com.zaxxer.hikari.HikariDataSource – HikariPool-1 - Shutdown initiated...
13188 [SpringApplicationShutdownHook] INFO  com.zaxxer.hikari.HikariDataSource – HikariPool-1 - Shutdown completed.
531  [background-preinit] INFO  o.h.validator.internal.util.Version – HV000001: Hibernate Validator 6.2.2.Final
531  [main] INFO  com.example.task19.Application – Starting Application using Java 11.0.2 on PisarevDmitrii with PID 6356 (C:\Users\dpisa\Desktop\JavaPatternMirea\task19\target\classes started by dpisa in C:\Users\dpisa\Desktop\JavaPatternMirea)
531  [main] INFO  com.example.task19.Application – No active profile set, falling back to 1 default profile: "default"
1093 [main] INFO  o.s.d.r.c.RepositoryConfigurationDelegate – Bootstrapping Spring Data JPA repositories in DEFAULT mode.
1125 [main] INFO  o.s.d.r.c.RepositoryConfigurationDelegate – Finished Spring Data repository scanning in 30 ms. Found 2 JPA repository interfaces.
1484 [main] INFO  o.s.b.w.e.tomcat.TomcatWebServer – Tomcat initialized with port(s): 8081 (http)
1484 [main] INFO  o.a.coyote.http11.Http11NioProtocol – Initializing ProtocolHandler ["http-nio-8081"]
1484 [main] INFO  o.a.catalina.core.StandardService – Starting service [Tomcat]
1484 [main] INFO  o.a.catalina.core.StandardEngine – Starting Servlet engine: [Apache Tomcat/9.0.58]
1547 [main] INFO  o.a.c.c.C.[Tomcat].[localhost].[/] – Initializing Spring embedded WebApplicationContext
1547 [main] INFO  o.s.b.w.s.c.ServletWebServerApplicationContext – Root WebApplicationContext: initialization completed in 985 ms
1609 [main] INFO  com.zaxxer.hikari.HikariDataSource – HikariPool-1 - Starting...
1734 [main] INFO  com.zaxxer.hikari.HikariDataSource – HikariPool-1 - Start completed.
1781 [main] INFO  o.h.jpa.internal.util.LogHelper – HHH000204: Processing PersistenceUnitInfo [name: default]
1812 [main] INFO  org.hibernate.Version – HHH000412: Hibernate ORM core version 5.6.5.Final
1922 [main] INFO  o.h.annotations.common.Version – HCANN000001: Hibernate Commons Annotations {5.1.2.Final}
1984 [main] INFO  org.hibernate.dialect.Dialect – HHH000400: Using dialect: org.hibernate.dialect.PostgreSQL95Dialect
2437 [main] INFO  o.h.e.t.j.p.i.JtaPlatformInitiator – HHH000490: Using JtaPlatform implementation: [org.hibernate.engine.transaction.jta.platform.internal.NoJtaPlatform]
2437 [main] INFO  o.s.o.j.LocalContainerEntityManagerFactoryBean – Initialized JPA EntityManagerFactory for persistence unit 'default'
2656 [main] INFO  c.e.t.s.impl.GameAuthorServiceImpl – init GameAuthorService
2672 [main] INFO  c.e.t.service.impl.GameServiceImpl – init GameService
2703 [main] WARN  o.s.b.a.o.j.JpaBaseConfiguration$JpaWebConfiguration – spring.jpa.open-in-view is enabled by default. Therefore, database queries may be performed during view rendering. Explicitly configure spring.jpa.open-in-view to disable this warning
3140 [main] INFO  o.a.coyote.http11.Http11NioProtocol – Starting ProtocolHandler ["http-nio-8081"]
3156 [main] INFO  o.s.b.w.e.tomcat.TomcatWebServer – Tomcat started on port(s): 8081 (http) with context path ''
3156 [main] INFO  o.s.s.a.ScheduledAnnotationBeanPostProcessor – No TaskScheduler/ScheduledExecutorService bean found for scheduled processing
3172 [main] INFO  com.example.task19.Application – Started Application in 2.977 seconds (JVM running for 3.87)
5660 [SpringApplicationShutdownHook] INFO  o.s.o.j.LocalContainerEntityManagerFactoryBean – Closing JPA EntityManagerFactory for persistence unit 'default'
5660 [SpringApplicationShutdownHook] INFO  com.zaxxer.hikari.HikariDataSource – HikariPool-1 - Shutdown initiated...
5675 [SpringApplicationShutdownHook] INFO  com.zaxxer.hikari.HikariDataSource – HikariPool-1 - Shutdown completed.
